Arguments: 
  C:\Program Files\nodejs\node.exe C:\Program Files (x86)\Yarn\bin\yarn.js install

PATH: 
  C:\Program Files\WindowsApps\Microsoft.WindowsTerminal_1.4.3141.0_x64__8wekyb3d8bbwe;C:\Program Files (x86)\Common Files\Intel\Shared Libraries\redist\intel64\compiler;c:\Program Files (x86)\NetSarang\Xshell 6\;C:\Windows\system32;C:\Windows;C:\Windows\System32\Wbem;C:\Windows\System32\WindowsPowerShell\v1.0\;C:\Windows\System32\OpenSSH\;C:\Program Files (x86)\NVIDIA Corporation\PhysX\Common;C:\Program Files\NVIDIA Corporation\NVIDIA NvDLISR;C:\ProgramData\chocolatey\bin;C:\ProgramData\nvm;C:\Program Files\nodejs;C:\Program Files\dotnet\;C:\Program Files\Microsoft SQL Server\130\Tools\Binn\;C:\Program Files (x86)\Yarn\bin\;C:\Program Files\Microsoft SQL Server\Client SDK\ODBC\170\Tools\Binn\;C:\WINDOWS\system32;C:\WINDOWS;C:\WINDOWS\System32\Wbem;C:\WINDOWS\System32\WindowsPowerShell\v1.0\;C:\WINDOWS\System32\OpenSSH\;C:\Program Files\Docker\Docker\resources\bin;C:\ProgramData\DockerDesktop\version-bin;C:\Program Files\Git\cmd;C:\Program Files\Git\mingw64\bin;C:\Program Files\Git\usr\bin;C:\Go\bin;C:\Users\chiro\.windows-build-tools\python27-bak\;C:\Users\chiro\AppData\Local\Microsoft\WindowsApps;C:\Users\chiro\AppData\Local\Programs\Microsoft VS Code\bin;C:\Users\chiro\AppData\Local\Yarn\bin;C:\Users\chiro\AppData\Local\Microsoft\WindowsApps;C:\tool;C:\Users\chiro\go\bin

Yarn version: 
  1.22.4

Node version: 
  12.13.1

Platform: 
  win32 x64

Trace: 
  Error: ENOENT: no such file or directory, copyfile 'C:\Users\chiro\AppData\Local\Yarn\Cache\v6\npm-array-unique-0.2.1-a1d97ccafcbc2625cc70fadceb36a50c58b01a53-integrity\node_modules\array-unique\index.js' -> 'C:\Users\chiro\Workspace\darumatic\chrome-freshteam-plugin\node_modules\anymatch\node_modules\array-unique\index.js'

npm manifest: 
  {
    "name": "darumatic",
    "version": "0.0.1",
    "author": {
      "name": "Darumatic",
      "email": "hi@darumatic.com"
    },
    "engines": {
      "node": ">=6"
    },
    "scripts": {
      "dev": "node tasks/dev",
      "hub": "selenium-standalone start",
      "eslint": "eslint src test tasks",
      "code": "node tasks/code",
      "test": "npm run test:l",
      "test:l": "node tasks/pack4test && node ./test/run local",
      "test:b": "node tasks/pack4test && node ./test/run browserstack",
      "test:s": "node tasks/pack4test && node ./test/run sauce",
      "test:y": "node tasks/pack4test && node ./test/run yandex",
      "build": "node tasks/build",
      "build-travis": "node tasks/build && node ./test/run sauce",
      "pre-release": "node tasks/branch && npm run code && npm run build && node ./test/run local",
      "version": "node tasks/version",
      "release-patch": "npm run pre-release && npm version patch && git push --follow-tags --no-verify"
    },
    "dependencies": {},
    "devDependencies": {
      "archiver": "^1.3.0",
      "babel-core": "^6.24.1",
      "babel-loader": "^7.0.0",
      "babel-plugin-transform-async-to-generator": "^6.24.1",
      "babel-plugin-transform-runtime": "^6.23.0",
      "babel-preset-es2015": "^6.24.1",
      "babel-preset-react": "^6.24.1",
      "babel-preset-stage-2": "^6.24.1",
      "babel-preset-stage-3": "^6.24.1",
      "bro-fs": "^0.1.12",
      "check-dependencies": "^1.0.1",
      "chnl": "^0.2.5",
      "chromedriver": "^2.29.0",
      "circular-dependency-plugin": "^3.0.0",
      "classnames": "^2.2.5",
      "codemirror": "^5.26.0",
      "cpx": "^1.5.0",
      "crx": "^3.2.1",
      "css-loader": "^0.28.2",
      "escape-string-regexp": "^1.0.5",
      "eslint": "^3.19.0",
      "eslint-plugin-mocha": "^4.9.0",
      "eslint-plugin-react": "^7.0.1",
      "exports-loader": "^0.6.4",
      "file-loader": "^0.11.1",
      "fs-extra": "^3.0.1",
      "geckodriver": "^1.6.1",
      "ghooks": "^2.0.0",
      "got": "^6.7.1",
      "html-to-text": "^3.2.0",
      "http-browserify": "^1.7.0",
      "https-browserify": "^1.0.0",
      "json-stringify-safe": "^5.0.1",
      "keymirror": "^0.1.1",
      "lodash.debounce": "^4.0.8",
      "madge": "^1.6.0",
      "marked": "^0.3.6",
      "mobx": "^3.1.9",
      "mobx-react": "^4.1.8",
      "mocha": "^3.4.1",
      "normalize-path": "^2.1.1",
      "promises-aplus-tests": "^2.1.2",
      "raw-loader": "^0.5.1",
      "react": "^15.5.4",
      "react-codemirror": "^1.0.0",
      "react-dom": "^15.5.4",
      "react-mdl": "^1.10.3",
      "route-parser": "0.0.5",
      "selenium-standalone": "^6.4.1",
      "selenium-webdriver": "^3.4.0",
      "shelljs": "^0.7.7",
      "style-loader": "^0.18.0",
      "then-chrome": "^1.0.7",
      "uglifyjs-webpack-plugin": "^1.3.0",
      "url-loader": "https://registry.npmjs.org/url-loader/-/url-loader-0.5.8.tgz",
      "webpack": "^2.6.0"
    },
    "optionalDependencies": {
      "fsevents": "*"
    },
    "keywords": [
      "selenium",
      "webdriver",
      "webdriverjs",
      "automation",
      "testing",
      "test",
      "acceptance",
      "tdd",
      "bdd",
      "chormedriver",
      "chrome"
    ],
    "license": "MIT"
  }

yarn manifest: 
  No manifest

Lockfile: 
  No lockfile
